Execution time of query27 has been improved of 43.2532347504621 %
Execution time of query80 has been improved of 38.23899371069183 %
Execution time of query29 has been improved of 0.21525950729491683 %
Execution time of query97 has been improved of 30.612244897959187 %
Execution time of query57 has been improved of 4.8517520215633425 %
Execution time of query23 has been improved of 12.619047619047635 %
Execution time of query60 has been improved of 25.62277580071175 %
Execution time of query59 has been improved of 55.12422360248448 %
Execution time of query16 has been improved of 56.81257706535142 %
Execution time of query52 has been improved of 43.03317535545025 %
Execution time of query14 has been improved of 14.95702588618218 %
Execution time of query70 has been improved of 43.45749761222542 %
Execution time of query88 has been improved of 34.28571428571429 %
Execution time of query9 has been improved of 6.866642573183952 %
Execution time of query85 has been improved of 27.08333333333333 %
Execution time of query96 has been improved of 3.672316384180789 %
Execution time of query77 has been improved of 32.549019607843135 %
Execution time of query7 has been improved of 25.597269624573386 %
Execution time of query87 has been improved of 17.758369723435223 %
Execution time of query12 has been improved of 29.065743944636665 %
Execution time of query4 has been improved of 16.305423149563808 %
Execution time of query43 has been improved of 44.55909943714822 %
Execution time of query86 has been improved of 42.913000977517115 %
Execution time of query92 has been improved of 17.848970251716253 %
Execution time of query46 has been improved of 5.080896962815785 %
Execution time of query41 has been improved of 47.622699386503065 %
Execution time of query45 has been improved of 34.96503496503496 %
Execution time of query71 has been improved of 47.063369397217926 %
Execution time of query8 has been improved of 26.87074829931973 %
Execution time of query90 has been improved of 26.48922686945501 %
Execution time of query11 has been improved of 28.317152103559877 %
Execution time of query75 has been improved of 37.25314183123878 %
Execution time of query2 has been improved of 47.136563876651984 %
Execution time of query93 has been improved of 12.8735632183908 %
Execution time of query24 has been improved of 47.16796875 %
Execution time of query76 has been improved of 35.97951344430217 %
Execution time of query28 has been improved of 5.882352941176478 %
Execution time of query51 has been improved of 27.5 %
Execution time of query55 has been improved of 50.930851063829785 %
Execution time of query83 has been improved of 14.953271028037392 %
Execution time of query53 has been improved of 5.675675675675677 %
Execution time of query40 has been improved of 45.75835475578406 %
Execution time of query36 has been improved of 47.888386123680235 %
Execution time of query63 has been improved of 43.57754519505234 %
Execution time of query20 has been improved of 47.21552417039844 %
Execution time of query56 has been improved of 35.434956105347155 %
Execution time of query26 has been improved of 0.7215007215007176 %
Execution time of query91 has been improved of 29.069767441860478 %
Execution time of query21 has been improved of 11.13801452784503 %
Execution time of query100 has been improved of 0.23584905660376876 %
Execution time of query35 has been improved of 7.258064516129039 %
Execution time of query72 has been improved of 27.43801652892563 %
Execution time of query78 has been improved of 23.922734026745914 %
Execution time of query73 has been improved of 15.63876651982379 %
Execution time of query49 has been improved of 44.03755868544601 %
Execution time of query37 has been improved of 30.37634408602152 %
Execution time of query68 has been improved of 2.7322404371584668 %
Execution time of query1 has been improved of 20.277296360485266 %
Number of queries with improved execution time : 58 / 97
Number of queries with unimproved execution time : 2 / 97
Average query execution time improvement : 27.61699414128082%
Maximum query execution time improvement : 56.81257706535142%
Minimum query execution time improvement : 0.21525950729491683%
