Execution time of query4 has been improved of 0.8740692780835246 %
Execution time of query52 has been improved of 38.88396811337466 %
Execution time of query63 has been improved of 44.5945945945946 %
Execution time of query75 has been improved of 0.07603117278084426 %
Execution time of query54 has been improved of 5.792682926829258 %
Execution time of query14 has been improved of 1.2624953720844303 %
Execution time of query32 has been improved of 43.31419196062346 %
Execution time of query36 has been improved of 47.970725216234186 %
Execution time of query25 has been improved of 38.87931034482759 %
Execution time of query82 has been improved of 42.05518553758325 %
Execution time of query60 has been improved of 11.460674157303373 %
Execution time of query33 has been improved of 28.24631860776438 %
Execution time of query69 has been improved of 9.509202453987726 %
Execution time of query35 has been improved of 32.89473684210526 %
Execution time of query44 has been improved of 20.637329286798163 %
Execution time of query27 has been improved of 37.945945945945944 %
Execution time of query74 has been improved of 0.7210750573582629 %
Execution time of query16 has been improved of 65.23392219594751 %
Execution time of query95 has been improved of 63.180531975099036 %
Execution time of query61 has been improved of 13.07692307692308 %
Execution time of query13 has been improved of 46.5100207325501 %
Execution time of query19 has been improved of 6.903765690376574 %
Execution time of query43 has been improved of 42.07011686143572 %
Execution time of query59 has been improved of 64.75521199344108 %
Execution time of query3 has been improved of 7.912087912087898 %
Execution time of query7 has been improved of 41.60337552742616 %
Execution time of query77 has been improved of 49.912942542077765 %
Execution time of query94 has been improved of 47.408536585365844 %
Execution time of query87 has been improved of 4.679376083188899 %
Execution time of query8 has been improved of 40.405748098055795 %
Execution time of query97 has been improved of 29.082426127527214 %
Execution time of query49 has been improved of 43.714517437145176 %
Execution time of query70 has been improved of 42.75062137531068 %
Execution time of query51 has been improved of 30.906389301634476 %
Execution time of query11 has been improved of 20.71097372488407 %
Execution time of query100 has been improved of 3.6037891268533713 %
Execution time of query78 has been improved of 10.444444444444429 %
Execution time of query67 has been improved of 5.692808158959025 %
Execution time of query9 has been improved of 3.9215686274509522 %
Execution time of query47 has been improved of 62.57936920995107 %
Execution time of query2 has been improved of 55.38971807628524 %
Execution time of query12 has been improved of 9.28853754940711 %
Execution time of query30 has been improved of 15.077319587628864 %
Execution time of query85 has been improved of 15.573770491803273 %
Execution time of query22 has been improved of 35.27472527472527 %
Execution time of query66 has been improved of 0.5216257335361831 %
Execution time of query21 has been improved of 13.77245508982034 %
Execution time of query20 has been improved of 66.17933723196882 %
Execution time of query10 has been improved of 10.831721470019346 %
Execution time of query56 has been improved of 32.446043165467614 %
Execution time of query91 has been improved of 19.706840390879478 %
Execution time of query46 has been improved of 1.0741594853744516 %
Execution time of query93 has been improved of 52.255639097744364 %
Execution time of query71 has been improved of 54.133685136323656 %
Execution time of query57 has been improved of 14.623655913978496 %
Execution time of query41 has been improved of 53.17324185248714 %
Execution time of query1 has been improved of 3.460837887067399 %
Execution time of query18 has been improved of 18.867924528301884 %
Execution time of query88 has been improved of 6.077348066298356 %
Number of queries with improved execution time : 59 / 97
Number of queries with unimproved execution time : 11 / 97
Average query execution time improvement : 27.625535418737826%
Maximum query execution time improvement : 66.17933723196882%
Minimum query execution time improvement : 0.07603117278084426%
