Execution time of query40 has been improved of 24.354243542435427 %
Execution time of query1 has been improved of 17.93416572077186 %
Execution time of query80 has been improved of 28.230865746549554 %
Execution time of query70 has been improved of 38.495575221238944 %
Execution time of query4 has been improved of 30.53227633069082 %
Execution time of query97 has been improved of 10.391822827938682 %
Execution time of query83 has been improved of 8.602150537634415 %
Execution time of query2 has been improved of 52.101576182136604 %
Execution time of query78 has been improved of 37.43633276740237 %
Execution time of query92 has been improved of 7.606679035250451 %
Execution time of query7 has been improved of 20.65527065527064 %
Execution time of query45 has been improved of 12.979890310786104 %
Execution time of query54 has been improved of 39.1566265060241 %
Execution time of query53 has been improved of 13.344887348353552 %
Execution time of query19 has been improved of 2.5157232704402333 %
Execution time of query56 has been improved of 30.045871559633042 %
Execution time of query3 has been improved of 32.21258134490239 %
Execution time of query99 has been improved of 2.655913978494624 %
Execution time of query51 has been improved of 22.288261515601775 %
Execution time of query20 has been improved of 64.58026942761339 %
Execution time of query29 has been improved of 36.651583710407245 %
Execution time of query87 has been improved of 14.904458598726109 %
Execution time of query85 has been improved of 17.851500789889414 %
Execution time of query34 has been improved of 4.233870967741936 %
Execution time of query64 has been improved of 0.1639702667249736 %
Execution time of query57 has been improved of 2.3605150214592356 %
Execution time of query37 has been improved of 1.3409961685823646 %
Execution time of query75 has been improved of 0.298034832821088 %
Execution time of query14 has been improved of 55.980570734669094 %
Execution time of query27 has been improved of 34.05639913232105 %
Execution time of query5 has been improved of 64.68057102359016 %
Execution time of query93 has been improved of 10.869565217391298 %
Execution time of query100 has been improved of 48.35051546391752 %
Execution time of query73 has been improved of 46.981339187705814 %
Execution time of query21 has been improved of 7.034220532319395 %
Execution time of query49 has been improved of 60.89238845144357 %
Execution time of query81 has been improved of 5.522682445759372 %
Execution time of query9 has been improved of 31.545064377682408 %
Execution time of query76 has been improved of 38.68821292775665 %
Execution time of query6 has been improved of 0.6024096385542208 %
Execution time of query17 has been improved of 27.14646464646465 %
Execution time of query71 has been improved of 52.049180327868854 %
Execution time of query65 has been improved of 4.1036717062634835 %
Execution time of query52 has been improved of 37.47884940778342 %
Execution time of query33 has been improved of 25.29644268774703 %
Execution time of query36 has been improved of 42.877291960507755 %
Execution time of query32 has been improved of 39.51890034364261 %
Execution time of query12 has been improved of 2.9268292682926784 %
Execution time of query18 has been improved of 16.66666666666667 %
Number of queries with improved execution time : 49 / 96
Number of queries with unimproved execution time : 5 / 96
Average query execution time improvement : 25.044778578242234%
Maximum query execution time improvement : 64.68057102359016%
Minimum query execution time improvement : 0.1639702667249736%
