Execution time of query18 has been improved of 15.559440559440546 %
Execution time of query67 has been improved of 11.263967565004862 %
Execution time of query45 has been improved of 48.59550561797753 %
Execution time of query47 has been improved of 65.86282492953336 %
Execution time of query27 has been improved of 26.689576174112247 %
Execution time of query36 has been improved of 56.75105485232068 %
Execution time of query59 has been improved of 63.75672134110524 %
Execution time of query97 has been improved of 10.323886639676132 %
Execution time of query3 has been improved of 30.70866141732283 %
Execution time of query76 has been improved of 30.254476908576805 %
Execution time of query73 has been improved of 18.540669856459317 %
Execution time of query78 has been improved of 20.67464635473341 %
Execution time of query13 has been improved of 19.19945725915875 %
Execution time of query28 has been improved of 3.3112582781457007 %
Execution time of query91 has been improved of 22.131147540983605 %
Execution time of query9 has been improved of 4.236955668889749 %
Execution time of query94 has been improved of 32.202580028666986 %
Execution time of query11 has been improved of 24.32814710042433 %
Execution time of query63 has been improved of 38.292011019283734 %
Execution time of query72 has been improved of 0.6153075145474389 %
Execution time of query90 has been improved of 9.273182957393487 %
Execution time of query65 has been improved of 7.1875 %
Execution time of query93 has been improved of 35.24844720496894 %
Execution time of query85 has been improved of 29.726288987905804 %
Execution time of query86 has been improved of 26.753246753246756 %
Execution time of query4 has been improved of 47.05420267085625 %
Execution time of query95 has been improved of 58.88314583966758 %
Execution time of query71 has been improved of 50.64491654021244 %
Execution time of query40 has been improved of 45.15698062792251 %
Execution time of query66 has been improved of 3.371234789547188 %
Execution time of query25 has been improved of 5.8243727598566295 %
Execution time of query88 has been improved of 21.82539682539681 %
Execution time of query1 has been improved of 30.26467203682394 %
Execution time of query16 has been improved of 60.32533909966581 %
Execution time of query70 has been improved of 36.55913978494624 %
Execution time of query14 has been improved of 10.622617534942819 %
Execution time of query42 has been improved of 0.22133687472333463 %
Execution time of query2 has been improved of 50.15739769150053 %
Execution time of query7 has been improved of 28.519855595667863 %
Execution time of query79 has been improved of 16.758322488560523 %
Execution time of query20 has been improved of 5.210084033613455 %
Execution time of query68 has been improved of 21.258134490238618 %
Execution time of query5 has been improved of 15.017064846416389 %
Execution time of query100 has been improved of 0.05963029218841598 %
Execution time of query52 has been improved of 40.419947506561684 %
Execution time of query69 has been improved of 0.026905829596415742 %
Execution time of query61 has been improved of 0.975609756097569 %
Execution time of query30 has been improved of 16.88500727802038 %
Execution time of query26 has been improved of 46.273637374860954 %
Execution time of query41 has been improved of 28.23365785813631 %
Execution time of query60 has been improved of 19.67871485943776 %
Execution time of query37 has been improved of 24.82185273159145 %
Execution time of query56 has been improved of 57.79260157671315 %
Execution time of query17 has been improved of 0.7081038552321104 %
Execution time of query19 has been improved of 4.8832271762207995 %
Execution time of query35 has been improved of 28.395061728395063 %
Execution time of query96 has been improved of 16.540212443095598 %
Execution time of query77 has been improved of 46.07688256977356 %
Execution time of query98 has been improved of 25.363489499192255 %
Number of queries with improved execution time : 59 / 96
Number of queries with unimproved execution time : 10 / 96
Average query execution time improvement : 25.699927447382215%
Maximum query execution time improvement : 65.86282492953336%
Minimum query execution time improvement : 0.026905829596415742%
